{"C:\\Users\\biakt\\WebstormProjects\\forge-s26-project\\backend\\src\\errs\\httpError.ts": {"path":"C:\\Users\\biakt\\WebstormProjects\\forge-s26-project\\backend\\src\\errs\\httpError.ts","statementMap":{"0":{"start":{"line":92,"column":0},"end":{"line":92,"column":16}},"1":{"start":{"line":8,"column":8},"end":{"line":8,"column":79}},"2":{"start":{"line":9,"column":8},"end":{"line":9,"column":25}},"3":{"start":{"line":10,"column":8},"end":{"line":10,"column":31}},"4":{"start":{"line":11,"column":8},"end":{"line":11,"column":57}},"5":{"start":{"line":3,"column":0},"end":{"line":3,"column":13}},"6":{"start":{"line":15,"column":26},"end":{"line":17,"column":1}},"7":{"start":{"line":16,"column":4},"end":{"line":16,"column":52}},"8":{"start":{"line":15,"column":13},"end":{"line":15,"column":26}},"9":{"start":{"line":19,"column":28},"end":{"line":21,"column":1}},"10":{"start":{"line":20,"column":4},"end":{"line":20,"column":52}},"11":{"start":{"line":19,"column":13},"end":{"line":19,"column":28}},"12":{"start":{"line":23,"column":24},"end":{"line":28,"column":1}},"13":{"start":{"line":24,"column":4},"end":{"line":24,"column":74}},"14":{"start":{"line":24,"column":26},"end":{"line":24,"column":74}},"15":{"start":{"line":25,"column":4},"end":{"line":25,"column":60}},"16":{"start":{"line":25,"column":26},"end":{"line":25,"column":60}},"17":{"start":{"line":26,"column":4},"end":{"line":26,"column":102}},"18":{"start":{"line":26,"column":26},"end":{"line":26,"column":102}},"19":{"start":{"line":27,"column":4},"end":{"line":27,"column":45}},"20":{"start":{"line":23,"column":13},"end":{"line":23,"column":24}},"21":{"start":{"line":30,"column":24},"end":{"line":35,"column":1}},"22":{"start":{"line":31,"column":4},"end":{"line":31,"column":73}},"23":{"start":{"line":31,"column":26},"end":{"line":31,"column":73}},"24":{"start":{"line":32,"column":4},"end":{"line":32,"column":60}},"25":{"start":{"line":32,"column":26},"end":{"line":32,"column":60}},"26":{"start":{"line":33,"column":4},"end":{"line":33,"column":107}},"27":{"start":{"line":33,"column":26},"end":{"line":33,"column":107}},"28":{"start":{"line":34,"column":4},"end":{"line":34,"column":45}},"29":{"start":{"line":30,"column":13},"end":{"line":30,"column":24}},"30":{"start":{"line":37,"column":34},"end":{"line":39,"column":1}},"31":{"start":{"line":38,"column":4},"end":{"line":38,"column":37}},"32":{"start":{"line":37,"column":13},"end":{"line":37,"column":34}},"33":{"start":{"line":41,"column":35},"end":{"line":43,"column":1}},"34":{"start":{"line":42,"column":4},"end":{"line":42,"column":61}},"35":{"start":{"line":41,"column":13},"end":{"line":41,"column":35}},"36":{"start":{"line":45,"column":25},"end":{"line":47,"column":1}},"37":{"start":{"line":46,"column":4},"end":{"line":46,"column":49}},"38":{"start":{"line":45,"column":13},"end":{"line":45,"column":25}},"39":{"start":{"line":49,"column":35},"end":{"line":51,"column":1}},"40":{"start":{"line":50,"column":4},"end":{"line":50,"column":60}},"41":{"start":{"line":49,"column":13},"end":{"line":49,"column":35}},"42":{"start":{"line":53,"column":27},"end":{"line":55,"column":1}},"43":{"start":{"line":54,"column":4},"end":{"line":54,"column":52}},"44":{"start":{"line":53,"column":13},"end":{"line":53,"column":27}},"45":{"start":{"line":57,"column":28},"end":{"line":71,"column":1}},"46":{"start":{"line":60,"column":4},"end":{"line":65,"column":5}},"47":{"start":{"line":61,"column":8},"end":{"line":61,"column":24}},"48":{"start":{"line":63,"column":8},"end":{"line":63,"column":42}},"49":{"start":{"line":64,"column":8},"end":{"line":64,"column":49}},"50":{"start":{"line":67,"column":4},"end":{"line":70,"column":null}},"51":{"start":{"line":57,"column":13},"end":{"line":57,"column":28}},"52":{"start":{"line":76,"column":8},"end":{"line":76,"column":23}},"53":{"start":{"line":77,"column":8},"end":{"line":77,"column":38}},"54":{"start":{"line":74,"column":0},"end":{"line":74,"column":13}},"55":{"start":{"line":83,"column":4},"end":{"line":83,"column":49}},"56":{"start":{"line":83,"column":30},"end":{"line":83,"column":49}},"57":{"start":{"line":84,"column":4},"end":{"line":84,"column":44}},"58":{"start":{"line":84,"column":33},"end":{"line":84,"column":44}},"59":{"start":{"line":85,"column":4},"end":{"line":89,"column":5}},"60":{"start":{"line":86,"column":8},"end":{"line":86,"column":35}},"61":{"start":{"line":88,"column":8},"end":{"line":88,"column":31}},"62":{"start":{"line":93,"column":20},"end":{"line":93,"column":54}},"63":{"start":{"line":95,"column":4},"end":{"line":105,"column":5}},"64":{"start":{"line":96,"column":8},"end":{"line":96,"column":46}},"65":{"start":{"line":97,"column":11},"end":{"line":105,"column":5}},"66":{"start":{"line":98,"column":8},"end":{"line":98,"column":56}},"67":{"start":{"line":99,"column":11},"end":{"line":105,"column":5}},"68":{"start":{"line":100,"column":8},"end":{"line":100,"column":42}},"69":{"start":{"line":101,"column":11},"end":{"line":105,"column":5}},"70":{"start":{"line":102,"column":8},"end":{"line":102,"column":65}},"71":{"start":{"line":104,"column":8},"end":{"line":104,"column":39}}},"fnMap":{"0":{"name":"(anonymous_0)","decl":{"start":{"line":7,"column":4},"end":{"line":7,"column":16}},"loc":{"start":{"line":7,"column":42},"end":{"line":12,"column":5}}},"1":{"name":"(anonymous_1)","decl":{"start":{"line":15,"column":26},"end":{"line":15,"column":27}},"loc":{"start":{"line":15,"column":43},"end":{"line":17,"column":1}}},"2":{"name":"(anonymous_2)","decl":{"start":{"line":19,"column":28},"end":{"line":19,"column":29}},"loc":{"start":{"line":19,"column":45},"end":{"line":21,"column":1}}},"3":{"name":"(anonymous_3)","decl":{"start":{"line":23,"column":24},"end":{"line":23,"column":25}},"loc":{"start":{"line":23,"column":45},"end":{"line":28,"column":1}}},"4":{"name":"(anonymous_4)","decl":{"start":{"line":30,"column":24},"end":{"line":30,"column":25}},"loc":{"start":{"line":30,"column":45},"end":{"line":35,"column":1}}},"5":{"name":"(anonymous_5)","decl":{"start":{"line":37,"column":34},"end":{"line":37,"column":35}},"loc":{"start":{"line":37,"column":69},"end":{"line":39,"column":1}}},"6":{"name":"(anonymous_6)","decl":{"start":{"line":41,"column":35},"end":{"line":41,"column":36}},"loc":{"start":{"line":41,"column":52},"end":{"line":43,"column":1}}},"7":{"name":"(anonymous_7)","decl":{"start":{"line":45,"column":25},"end":{"line":45,"column":26}},"loc":{"start":{"line":45,"column":42},"end":{"line":47,"column":1}}},"8":{"name":"(anonymous_8)","decl":{"start":{"line":49,"column":35},"end":{"line":49,"column":36}},"loc":{"start":{"line":49,"column":52},"end":{"line":51,"column":1}}},"9":{"name":"(anonymous_9)","decl":{"start":{"line":53,"column":27},"end":{"line":53,"column":28}},"loc":{"start":{"line":53,"column":44},"end":{"line":55,"column":1}}},"10":{"name":"(anonymous_10)","decl":{"start":{"line":57,"column":28},"end":{"line":57,"column":29}},"loc":{"start":{"line":57,"column":90},"end":{"line":71,"column":1}}},"11":{"name":"(anonymous_11)","decl":{"start":{"line":75,"column":4},"end":{"line":75,"column":16}},"loc":{"start":{"line":75,"column":31},"end":{"line":78,"column":5}}},"12":{"name":"getErrorMessage","decl":{"start":{"line":82,"column":9},"end":{"line":82,"column":24}},"loc":{"start":{"line":82,"column":37},"end":{"line":90,"column":1}}},"13":{"name":"mapDBError","decl":{"start":{"line":92,"column":16},"end":{"line":92,"column":26}},"loc":{"start":{"line":92,"column":52},"end":{"line":106,"column":1}}}},"branchMap":{"0":{"loc":{"start":{"line":8,"column":14},"end":{"line":8,"column":77}},"type":"cond-expr","locations":[{"start":{"line":8,"column":44},"end":{"line":8,"column":51}},{"start":{"line":8,"column":54},"end":{"line":8,"column":77}}]},"1":{"loc":{"start":{"line":16,"column":30},"end":{"line":16,"column":50}},"type":"binary-expr","locations":[{"start":{"line":16,"column":30},"end":{"line":16,"column":33}},{"start":{"line":16,"column":37},"end":{"line":16,"column":50}}]},"2":{"loc":{"start":{"line":20,"column":29},"end":{"line":20,"column":50}},"type":"binary-expr","locations":[{"start":{"line":20,"column":29},"end":{"line":20,"column":32}},{"start":{"line":20,"column":36},"end":{"line":20,"column":50}}]},"3":{"loc":{"start":{"line":24,"column":4},"end":{"line":24,"column":74}},"type":"if","locations":[{"start":{"line":24,"column":4},"end":{"line":24,"column":74}},{"start":{},"end":{}}]},"4":{"loc":{"start":{"line":25,"column":4},"end":{"line":25,"column":60}},"type":"if","locations":[{"start":{"line":25,"column":4},"end":{"line":25,"column":60}},{"start":{},"end":{}}]},"5":{"loc":{"start":{"line":26,"column":4},"end":{"line":26,"column":102}},"type":"if","locations":[{"start":{"line":26,"column":4},"end":{"line":26,"column":102}},{"start":{},"end":{}}]},"6":{"loc":{"start":{"line":31,"column":4},"end":{"line":31,"column":73}},"type":"if","locations":[{"start":{"line":31,"column":4},"end":{"line":31,"column":73}},{"start":{},"end":{}}]},"7":{"loc":{"start":{"line":32,"column":4},"end":{"line":32,"column":60}},"type":"if","locations":[{"start":{"line":32,"column":4},"end":{"line":32,"column":60}},{"start":{},"end":{}}]},"8":{"loc":{"start":{"line":33,"column":4},"end":{"line":33,"column":107}},"type":"if","locations":[{"start":{"line":33,"column":4},"end":{"line":33,"column":107}},{"start":{},"end":{}}]},"9":{"loc":{"start":{"line":42,"column":29},"end":{"line":42,"column":59}},"type":"binary-expr","locations":[{"start":{"line":42,"column":29},"end":{"line":42,"column":32}},{"start":{"line":42,"column":36},"end":{"line":42,"column":59}}]},"10":{"loc":{"start":{"line":46,"column":29},"end":{"line":46,"column":47}},"type":"binary-expr","locations":[{"start":{"line":46,"column":29},"end":{"line":46,"column":32}},{"start":{"line":46,"column":36},"end":{"line":46,"column":47}}]},"11":{"loc":{"start":{"line":50,"column":29},"end":{"line":50,"column":58}},"type":"binary-expr","locations":[{"start":{"line":50,"column":29},"end":{"line":50,"column":32}},{"start":{"line":50,"column":36},"end":{"line":50,"column":58}}]},"12":{"loc":{"start":{"line":54,"column":29},"end":{"line":54,"column":50}},"type":"binary-expr","locations":[{"start":{"line":54,"column":29},"end":{"line":54,"column":32}},{"start":{"line":54,"column":36},"end":{"line":54,"column":50}}]},"13":{"loc":{"start":{"line":60,"column":4},"end":{"line":65,"column":5}},"type":"if","locations":[{"start":{"line":60,"column":4},"end":{"line":65,"column":5}},{"start":{"line":62,"column":11},"end":{"line":65,"column":5}}]},"14":{"loc":{"start":{"line":83,"column":4},"end":{"line":83,"column":49}},"type":"if","locations":[{"start":{"line":83,"column":4},"end":{"line":83,"column":49}},{"start":{},"end":{}}]},"15":{"loc":{"start":{"line":84,"column":4},"end":{"line":84,"column":44}},"type":"if","locations":[{"start":{"line":84,"column":4},"end":{"line":84,"column":44}},{"start":{},"end":{}}]},"16":{"loc":{"start":{"line":95,"column":4},"end":{"line":105,"column":5}},"type":"if","locations":[{"start":{"line":95,"column":4},"end":{"line":105,"column":5}},{"start":{"line":97,"column":11},"end":{"line":105,"column":5}}]},"17":{"loc":{"start":{"line":97,"column":11},"end":{"line":105,"column":5}},"type":"if","locations":[{"start":{"line":97,"column":11},"end":{"line":105,"column":5}},{"start":{"line":99,"column":11},"end":{"line":105,"column":5}}]},"18":{"loc":{"start":{"line":99,"column":11},"end":{"line":105,"column":5}},"type":"if","locations":[{"start":{"line":99,"column":11},"end":{"line":105,"column":5}},{"start":{"line":101,"column":11},"end":{"line":105,"column":5}}]},"19":{"loc":{"start":{"line":99,"column":15},"end":{"line":99,"column":89}},"type":"binary-expr","locations":[{"start":{"line":99,"column":15},"end":{"line":99,"column":48}},{"start":{"line":99,"column":52},"end":{"line":99,"column":89}}]},"20":{"loc":{"start":{"line":101,"column":11},"end":{"line":105,"column":5}},"type":"if","locations":[{"start":{"line":101,"column":11},"end":{"line":105,"column":5}},{"start":{"line":103,"column":11},"end":{"line":105,"column":5}}]}},"s":{"0":3,"1":35,"2":35,"3":35,"4":35,"5":3,"6":3,"7":21,"8":3,"9":3,"10":0,"11":3,"12":3,"13":1,"14":0,"15":1,"16":1,"17":0,"18":0,"19":0,"20":3,"21":3,"22":0,"23":0,"24":0,"25":0,"26":0,"27":0,"28":0,"29":3,"30":3,"31":0,"32":3,"33":3,"34":13,"35":3,"36":3,"37":0,"38":3,"39":3,"40":0,"41":3,"42":3,"43":0,"44":3,"45":3,"46":35,"47":35,"48":0,"49":0,"50":35,"51":3,"52":3,"53":3,"54":3,"55":13,"56":13,"57":0,"58":0,"59":0,"60":0,"61":0,"62":13,"63":13,"64":0,"65":13,"66":0,"67":13,"68":0,"69":13,"70":0,"71":13},"f":{"0":35,"1":21,"2":0,"3":1,"4":0,"5":0,"6":13,"7":0,"8":0,"9":0,"10":35,"11":3,"12":13,"13":13},"b":{"0":[35,0],"1":[21,0],"2":[0,0],"3":[0,1],"4":[1,0],"5":[0,0],"6":[0,0],"7":[0,0],"8":[0,0],"9":[13,0],"10":[0,0],"11":[0,0],"12":[0,0],"13":[35,0],"14":[13,0],"15":[0,0],"16":[0,13],"17":[0,13],"18":[0,13],"19":[13,13],"20":[0,13]}}
,"C:\\Users\\biakt\\WebstormProjects\\forge-s26-project\\backend\\src\\models\\course.ts": {"path":"C:\\Users\\biakt\\WebstormProjects\\forge-s26-project\\backend\\src\\models\\course.ts","statementMap":{"0":{"start":{"line":1,"column":0},"end":{"line":1,"column":24}},"1":{"start":{"line":22,"column":13},"end":{"line":29,"column":3}},"2":{"start":{"line":23,"column":51},"end":{"line":23,"column":65}},"3":{"start":{"line":26,"column":52},"end":{"line":26,"column":66}},"4":{"start":{"line":33,"column":13},"end":{"line":33,"column":70}}},"fnMap":{"0":{"name":"(anonymous_0)","decl":{"start":{"line":23,"column":44},"end":{"line":23,"column":45}},"loc":{"start":{"line":23,"column":51},"end":{"line":23,"column":65}}},"1":{"name":"(anonymous_1)","decl":{"start":{"line":26,"column":45},"end":{"line":26,"column":46}},"loc":{"start":{"line":26,"column":52},"end":{"line":26,"column":66}}}},"branchMap":{},"s":{"0":1,"1":1,"2":14,"3":10,"4":1},"f":{"0":14,"1":10},"b":{}}
,"C:\\Users\\biakt\\WebstormProjects\\forge-s26-project\\backend\\src\\models\\professor.ts": {"path":"C:\\Users\\biakt\\WebstormProjects\\forge-s26-project\\backend\\src\\models\\professor.ts","statementMap":{"0":{"start":{"line":1,"column":0},"end":{"line":1,"column":24}},"1":{"start":{"line":38,"column":13},"end":{"line":44,"column":3}},"2":{"start":{"line":40,"column":23},"end":{"line":40,"column":37}},"3":{"start":{"line":42,"column":23},"end":{"line":42,"column":37}},"4":{"start":{"line":48,"column":13},"end":{"line":48,"column":76}}},"fnMap":{"0":{"name":"(anonymous_0)","decl":{"start":{"line":40,"column":16},"end":{"line":40,"column":17}},"loc":{"start":{"line":40,"column":23},"end":{"line":40,"column":37}}},"1":{"name":"(anonymous_1)","decl":{"start":{"line":42,"column":16},"end":{"line":42,"column":17}},"loc":{"start":{"line":42,"column":23},"end":{"line":42,"column":37}}}},"branchMap":{},"s":{"0":1,"1":1,"2":4,"3":2,"4":1},"f":{"0":4,"1":2},"b":{}}
,"C:\\Users\\biakt\\WebstormProjects\\forge-s26-project\\backend\\src\\models\\student.ts": {"path":"C:\\Users\\biakt\\WebstormProjects\\forge-s26-project\\backend\\src\\models\\student.ts","statementMap":{"0":{"start":{"line":1,"column":0},"end":{"line":1,"column":24}},"1":{"start":{"line":18,"column":13},"end":{"line":32,"column":3}},"2":{"start":{"line":64,"column":13},"end":{"line":66,"column":3}},"3":{"start":{"line":70,"column":13},"end":{"line":76,"column":3}},"4":{"start":{"line":80,"column":13},"end":{"line":80,"column":72}},"5":{"start":{"line":84,"column":13},"end":{"line":86,"column":3}}},"fnMap":{},"branchMap":{},"s":{"0":1,"1":1,"2":1,"3":1,"4":1,"5":1},"f":{},"b":{}}
,"C:\\Users\\biakt\\WebstormProjects\\forge-s26-project\\backend\\src\\service\\handler\\course\\index.ts": {"path":"C:\\Users\\biakt\\WebstormProjects\\forge-s26-project\\backend\\src\\service\\handler\\course\\index.ts","statementMap":{"0":{"start":{"line":2,"column":0},"end":{"line":2,"column":null}},"1":{"start":{"line":7,"column":0},"end":{"line":7,"column":null}},"2":{"start":{"line":14,"column":0},"end":{"line":14,"column":42}},"3":{"start":{"line":15,"column":0},"end":{"line":15,"column":72}},"4":{"start":{"line":18,"column":33},"end":{"line":18,"column":55}},"5":{"start":{"line":21,"column":23},"end":{"line":21,"column":60}},"6":{"start":{"line":22,"column":8},"end":{"line":24,"column":9}},"7":{"start":{"line":23,"column":12},"end":{"line":23,"column":62}},"8":{"start":{"line":25,"column":27},"end":{"line":25,"column":38}},"9":{"start":{"line":29,"column":8},"end":{"line":34,"column":9}},"10":{"start":{"line":30,"column":12},"end":{"line":30,"column":61}},"11":{"start":{"line":32,"column":12},"end":{"line":32,"column":56}},"12":{"start":{"line":33,"column":12},"end":{"line":33,"column":64}},"13":{"start":{"line":36,"column":8},"end":{"line":36,"column":38}},"14":{"start":{"line":41,"column":19},"end":{"line":41,"column":42}},"15":{"start":{"line":42,"column":8},"end":{"line":42,"column":null}},"16":{"start":{"line":42,"column":25},"end":{"line":42,"column":null}},"17":{"start":{"line":44,"column":8},"end":{"line":51,"column":9}},"18":{"start":{"line":45,"column":12},"end":{"line":45,"column":55}},"19":{"start":{"line":47,"column":12},"end":{"line":47,"column":29}},"20":{"start":{"line":48,"column":12},"end":{"line":48,"column":81}},"21":{"start":{"line":48,"column":46},"end":{"line":48,"column":81}},"22":{"start":{"line":50,"column":12},"end":{"line":50,"column":63}},"23":{"start":{"line":53,"column":8},"end":{"line":53,"column":37}},"24":{"start":{"line":57,"column":23},"end":{"line":57,"column":64}},"25":{"start":{"line":58,"column":8},"end":{"line":60,"column":9}},"26":{"start":{"line":59,"column":12},"end":{"line":59,"column":null}},"27":{"start":{"line":61,"column":48},"end":{"line":61,"column":59}},"28":{"start":{"line":64,"column":8},"end":{"line":69,"column":9}},"29":{"start":{"line":65,"column":12},"end":{"line":65,"column":65}},"30":{"start":{"line":67,"column":12},"end":{"line":67,"column":29}},"31":{"start":{"line":68,"column":12},"end":{"line":68,"column":59}},"32":{"start":{"line":71,"column":8},"end":{"line":71,"column":40}},"33":{"start":{"line":75,"column":19},"end":{"line":75,"column":42}},"34":{"start":{"line":76,"column":8},"end":{"line":76,"column":66}},"35":{"start":{"line":76,"column":25},"end":{"line":76,"column":66}},"36":{"start":{"line":78,"column":23},"end":{"line":78,"column":65}},"37":{"start":{"line":79,"column":8},"end":{"line":81,"column":9}},"38":{"start":{"line":80,"column":12},"end":{"line":80,"column":null}},"39":{"start":{"line":82,"column":50},"end":{"line":82,"column":61}},"40":{"start":{"line":85,"column":8},"end":{"line":90,"column":9}},"41":{"start":{"line":86,"column":12},"end":{"line":86,"column":73}},"42":{"start":{"line":88,"column":12},"end":{"line":88,"column":29}},"43":{"start":{"line":89,"column":12},"end":{"line":89,"column":60}},"44":{"start":{"line":92,"column":8},"end":{"line":92,"column":44}},"45":{"start":{"line":96,"column":19},"end":{"line":96,"column":42}},"46":{"start":{"line":97,"column":8},"end":{"line":97,"column":66}},"47":{"start":{"line":97,"column":25},"end":{"line":97,"column":66}},"48":{"start":{"line":99,"column":8},"end":{"line":104,"column":9}},"49":{"start":{"line":100,"column":12},"end":{"line":100,"column":45}},"50":{"start":{"line":102,"column":12},"end":{"line":102,"column":29}},"51":{"start":{"line":103,"column":12},"end":{"line":103,"column":61}},"52":{"start":{"line":106,"column":8},"end":{"line":106,"column":28}},"53":{"start":{"line":17,"column":0},"end":{"line":17,"column":13}}},"fnMap":{"0":{"name":"(anonymous_0)","decl":{"start":{"line":18,"column":4},"end":{"line":18,"column":33}},"loc":{"start":{"line":18,"column":55},"end":{"line":18,"column":59}}},"1":{"name":"(anonymous_1)","decl":{"start":{"line":20,"column":4},"end":{"line":20,"column":9}},"loc":{"start":{"line":20,"column":47},"end":{"line":37,"column":5}}},"2":{"name":"(anonymous_2)","decl":{"start":{"line":39,"column":4},"end":{"line":39,"column":9}},"loc":{"start":{"line":39,"column":51},"end":{"line":54,"column":5}}},"3":{"name":"(anonymous_3)","decl":{"start":{"line":56,"column":4},"end":{"line":56,"column":9}},"loc":{"start":{"line":56,"column":48},"end":{"line":72,"column":5}}},"4":{"name":"(anonymous_4)","decl":{"start":{"line":74,"column":4},"end":{"line":74,"column":9}},"loc":{"start":{"line":74,"column":49},"end":{"line":93,"column":5}}},"5":{"name":"(anonymous_5)","decl":{"start":{"line":95,"column":4},"end":{"line":95,"column":9}},"loc":{"start":{"line":95,"column":50},"end":{"line":107,"column":5}}}},"branchMap":{"0":{"loc":{"start":{"line":22,"column":8},"end":{"line":24,"column":9}},"type":"if","locations":[{"start":{"line":22,"column":8},"end":{"line":24,"column":9}},{"start":{},"end":{}}]},"1":{"loc":{"start":{"line":42,"column":8},"end":{"line":42,"column":null}},"type":"if","locations":[{"start":{"line":42,"column":8},"end":{"line":42,"column":null}},{"start":{},"end":{}}]},"2":{"loc":{"start":{"line":48,"column":12},"end":{"line":48,"column":81}},"type":"if","locations":[{"start":{"line":48,"column":12},"end":{"line":48,"column":81}},{"start":{},"end":{}}]},"3":{"loc":{"start":{"line":58,"column":8},"end":{"line":60,"column":9}},"type":"if","locations":[{"start":{"line":58,"column":8},"end":{"line":60,"column":9}},{"start":{},"end":{}}]},"4":{"loc":{"start":{"line":76,"column":8},"end":{"line":76,"column":66}},"type":"if","locations":[{"start":{"line":76,"column":8},"end":{"line":76,"column":66}},{"start":{},"end":{}}]},"5":{"loc":{"start":{"line":79,"column":8},"end":{"line":81,"column":9}},"type":"if","locations":[{"start":{"line":79,"column":8},"end":{"line":81,"column":9}},{"start":{},"end":{}}]},"6":{"loc":{"start":{"line":97,"column":8},"end":{"line":97,"column":66}},"type":"if","locations":[{"start":{"line":97,"column":8},"end":{"line":97,"column":66}},{"start":{},"end":{}}]}},"s":{"0":1,"1":1,"2":1,"3":1,"4":30,"5":5,"6":5,"7":1,"8":4,"9":4,"10":4,"11":1,"12":1,"13":3,"14":5,"15":5,"16":1,"17":4,"18":4,"19":2,"20":2,"21":1,"22":1,"23":2,"24":10,"25":10,"26":7,"27":3,"28":3,"29":3,"30":1,"31":1,"32":2,"33":6,"34":6,"35":1,"36":5,"37":5,"38":0,"39":5,"40":5,"41":5,"42":2,"43":2,"44":3,"45":4,"46":4,"47":1,"48":3,"49":3,"50":2,"51":2,"52":1,"53":1},"f":{"0":30,"1":5,"2":5,"3":10,"4":6,"5":4},"b":{"0":[1,4],"1":[1,4],"2":[1,1],"3":[7,3],"4":[1,5],"5":[0,5],"6":[1,3]}}
,"C:\\Users\\biakt\\WebstormProjects\\forge-s26-project\\backend\\src\\service\\handler\\professor\\index.ts": {"path":"C:\\Users\\biakt\\WebstormProjects\\forge-s26-project\\backend\\src\\service\\handler\\professor\\index.ts","statementMap":{"0":{"start":{"line":2,"column":0},"end":{"line":2,"column":null}},"1":{"start":{"line":7,"column":0},"end":{"line":7,"column":null}},"2":{"start":{"line":14,"column":0},"end":{"line":14,"column":42}},"3":{"start":{"line":15,"column":0},"end":{"line":15,"column":61}},"4":{"start":{"line":18,"column":33},"end":{"line":18,"column":58}},"5":{"start":{"line":21,"column":23},"end":{"line":21,"column":60}},"6":{"start":{"line":22,"column":8},"end":{"line":24,"column":9}},"7":{"start":{"line":23,"column":12},"end":{"line":23,"column":62}},"8":{"start":{"line":25,"column":27},"end":{"line":25,"column":38}},"9":{"start":{"line":28,"column":8},"end":{"line":33,"column":9}},"10":{"start":{"line":29,"column":12},"end":{"line":29,"column":67}},"11":{"start":{"line":31,"column":12},"end":{"line":31,"column":59}},"12":{"start":{"line":32,"column":12},"end":{"line":32,"column":67}},"13":{"start":{"line":35,"column":8},"end":{"line":35,"column":41}},"14":{"start":{"line":40,"column":19},"end":{"line":40,"column":42}},"15":{"start":{"line":41,"column":8},"end":{"line":41,"column":70}},"16":{"start":{"line":41,"column":25},"end":{"line":41,"column":70}},"17":{"start":{"line":43,"column":8},"end":{"line":49,"column":9}},"18":{"start":{"line":44,"column":12},"end":{"line":44,"column":61}},"19":{"start":{"line":46,"column":12},"end":{"line":46,"column":29}},"20":{"start":{"line":47,"column":12},"end":{"line":47,"column":84}},"21":{"start":{"line":47,"column":46},"end":{"line":47,"column":84}},"22":{"start":{"line":48,"column":12},"end":{"line":48,"column":66}},"23":{"start":{"line":51,"column":8},"end":{"line":51,"column":40}},"24":{"start":{"line":55,"column":23},"end":{"line":55,"column":67}},"25":{"start":{"line":56,"column":8},"end":{"line":58,"column":9}},"26":{"start":{"line":57,"column":12},"end":{"line":57,"column":73}},"27":{"start":{"line":59,"column":54},"end":{"line":59,"column":65}},"28":{"start":{"line":62,"column":8},"end":{"line":67,"column":9}},"29":{"start":{"line":63,"column":12},"end":{"line":63,"column":74}},"30":{"start":{"line":65,"column":12},"end":{"line":65,"column":29}},"31":{"start":{"line":66,"column":12},"end":{"line":66,"column":62}},"32":{"start":{"line":69,"column":8},"end":{"line":69,"column":43}},"33":{"start":{"line":73,"column":19},"end":{"line":73,"column":42}},"34":{"start":{"line":74,"column":8},"end":{"line":74,"column":66}},"35":{"start":{"line":74,"column":25},"end":{"line":74,"column":66}},"36":{"start":{"line":76,"column":23},"end":{"line":76,"column":68}},"37":{"start":{"line":77,"column":8},"end":{"line":79,"column":9}},"38":{"start":{"line":78,"column":12},"end":{"line":78,"column":74}},"39":{"start":{"line":81,"column":8},"end":{"line":83,"column":9}},"40":{"start":{"line":82,"column":12},"end":{"line":82,"column":81}},"41":{"start":{"line":85,"column":56},"end":{"line":85,"column":67}},"42":{"start":{"line":88,"column":8},"end":{"line":94,"column":9}},"43":{"start":{"line":89,"column":12},"end":{"line":89,"column":82}},"44":{"start":{"line":91,"column":12},"end":{"line":91,"column":29}},"45":{"start":{"line":92,"column":12},"end":{"line":92,"column":84}},"46":{"start":{"line":92,"column":46},"end":{"line":92,"column":84}},"47":{"start":{"line":93,"column":12},"end":{"line":93,"column":63}},"48":{"start":{"line":96,"column":8},"end":{"line":96,"column":47}},"49":{"start":{"line":100,"column":19},"end":{"line":100,"column":42}},"50":{"start":{"line":101,"column":8},"end":{"line":101,"column":66}},"51":{"start":{"line":101,"column":25},"end":{"line":101,"column":66}},"52":{"start":{"line":103,"column":8},"end":{"line":109,"column":9}},"53":{"start":{"line":104,"column":12},"end":{"line":104,"column":48}},"54":{"start":{"line":106,"column":12},"end":{"line":106,"column":29}},"55":{"start":{"line":107,"column":12},"end":{"line":107,"column":84}},"56":{"start":{"line":107,"column":46},"end":{"line":107,"column":84}},"57":{"start":{"line":108,"column":12},"end":{"line":108,"column":64}},"58":{"start":{"line":111,"column":8},"end":{"line":111,"column":28}},"59":{"start":{"line":17,"column":0},"end":{"line":17,"column":13}}},"fnMap":{"0":{"name":"(anonymous_0)","decl":{"start":{"line":18,"column":4},"end":{"line":18,"column":33}},"loc":{"start":{"line":18,"column":58},"end":{"line":18,"column":62}}},"1":{"name":"(anonymous_1)","decl":{"start":{"line":20,"column":4},"end":{"line":20,"column":9}},"loc":{"start":{"line":20,"column":47},"end":{"line":36,"column":5}}},"2":{"name":"(anonymous_2)","decl":{"start":{"line":38,"column":4},"end":{"line":38,"column":9}},"loc":{"start":{"line":38,"column":51},"end":{"line":52,"column":5}}},"3":{"name":"(anonymous_3)","decl":{"start":{"line":54,"column":4},"end":{"line":54,"column":9}},"loc":{"start":{"line":54,"column":48},"end":{"line":70,"column":5}}},"4":{"name":"(anonymous_4)","decl":{"start":{"line":72,"column":4},"end":{"line":72,"column":9}},"loc":{"start":{"line":72,"column":49},"end":{"line":97,"column":5}}},"5":{"name":"(anonymous_5)","decl":{"start":{"line":99,"column":4},"end":{"line":99,"column":9}},"loc":{"start":{"line":99,"column":50},"end":{"line":112,"column":5}}}},"branchMap":{"0":{"loc":{"start":{"line":22,"column":8},"end":{"line":24,"column":9}},"type":"if","locations":[{"start":{"line":22,"column":8},"end":{"line":24,"column":9}},{"start":{},"end":{}}]},"1":{"loc":{"start":{"line":41,"column":8},"end":{"line":41,"column":70}},"type":"if","locations":[{"start":{"line":41,"column":8},"end":{"line":41,"column":70}},{"start":{},"end":{}}]},"2":{"loc":{"start":{"line":47,"column":12},"end":{"line":47,"column":84}},"type":"if","locations":[{"start":{"line":47,"column":12},"end":{"line":47,"column":84}},{"start":{},"end":{}}]},"3":{"loc":{"start":{"line":56,"column":8},"end":{"line":58,"column":9}},"type":"if","locations":[{"start":{"line":56,"column":8},"end":{"line":58,"column":9}},{"start":{},"end":{}}]},"4":{"loc":{"start":{"line":74,"column":8},"end":{"line":74,"column":66}},"type":"if","locations":[{"start":{"line":74,"column":8},"end":{"line":74,"column":66}},{"start":{},"end":{}}]},"5":{"loc":{"start":{"line":77,"column":8},"end":{"line":79,"column":9}},"type":"if","locations":[{"start":{"line":77,"column":8},"end":{"line":79,"column":9}},{"start":{},"end":{}}]},"6":{"loc":{"start":{"line":81,"column":8},"end":{"line":83,"column":9}},"type":"if","locations":[{"start":{"line":81,"column":8},"end":{"line":83,"column":9}},{"start":{},"end":{}}]},"7":{"loc":{"start":{"line":92,"column":12},"end":{"line":92,"column":84}},"type":"if","locations":[{"start":{"line":92,"column":12},"end":{"line":92,"column":84}},{"start":{},"end":{}}]},"8":{"loc":{"start":{"line":101,"column":8},"end":{"line":101,"column":66}},"type":"if","locations":[{"start":{"line":101,"column":8},"end":{"line":101,"column":66}},{"start":{},"end":{}}]},"9":{"loc":{"start":{"line":107,"column":12},"end":{"line":107,"column":84}},"type":"if","locations":[{"start":{"line":107,"column":12},"end":{"line":107,"column":84}},{"start":{},"end":{}}]}},"s":{"0":1,"1":1,"2":1,"3":1,"4":17,"5":4,"6":4,"7":1,"8":3,"9":3,"10":3,"11":1,"12":1,"13":2,"14":3,"15":3,"16":1,"17":2,"18":2,"19":1,"20":1,"21":0,"22":1,"23":1,"24":3,"25":3,"26":1,"27":2,"28":2,"29":2,"30":1,"31":1,"32":1,"33":4,"34":4,"35":1,"36":3,"37":3,"38":0,"39":3,"40":1,"41":2,"42":2,"43":2,"44":1,"45":1,"46":0,"47":1,"48":1,"49":3,"50":3,"51":1,"52":2,"53":2,"54":1,"55":1,"56":0,"57":1,"58":1,"59":1},"f":{"0":17,"1":4,"2":3,"3":3,"4":4,"5":3},"b":{"0":[1,3],"1":[1,2],"2":[0,1],"3":[1,2],"4":[1,3],"5":[0,3],"6":[1,2],"7":[0,1],"8":[1,2],"9":[0,1]}}
,"C:\\Users\\biakt\\WebstormProjects\\forge-s26-project\\backend\\src\\service\\handler\\student\\index.ts": {"path":"C:\\Users\\biakt\\WebstormProjects\\forge-s26-project\\backend\\src\\service\\handler\\student\\index.ts","statementMap":{"0":{"start":{"line":2,"column":0},"end":{"line":2,"column":null}},"1":{"start":{"line":8,"column":0},"end":{"line":8,"column":null}},"2":{"start":{"line":15,"column":0},"end":{"line":15,"column":42}},"3":{"start":{"line":16,"column":0},"end":{"line":16,"column":61}},"4":{"start":{"line":19,"column":33},"end":{"line":19,"column":56}},"5":{"start":{"line":25,"column":23},"end":{"line":25,"column":60}},"6":{"start":{"line":27,"column":8},"end":{"line":29,"column":9}},"7":{"start":{"line":28,"column":12},"end":{"line":28,"column":62}},"8":{"start":{"line":31,"column":27},"end":{"line":31,"column":38}},"9":{"start":{"line":33,"column":8},"end":{"line":39,"column":9}},"10":{"start":{"line":34,"column":29},"end":{"line":34,"column":68}},"11":{"start":{"line":35,"column":12},"end":{"line":35,"column":43}},"12":{"start":{"line":37,"column":12},"end":{"line":37,"column":59}},"13":{"start":{"line":38,"column":12},"end":{"line":38,"column":65}},"14":{"start":{"line":44,"column":19},"end":{"line":44,"column":42}},"15":{"start":{"line":46,"column":8},"end":{"line":47,"column":null}},"16":{"start":{"line":47,"column":12},"end":{"line":47,"column":null}},"17":{"start":{"line":49,"column":8},"end":{"line":59,"column":9}},"18":{"start":{"line":50,"column":28},"end":{"line":50,"column":62}},"19":{"start":{"line":51,"column":12},"end":{"line":51,"column":42}},"20":{"start":{"line":53,"column":12},"end":{"line":53,"column":31}},"21":{"start":{"line":55,"column":12},"end":{"line":56,"column":52}},"22":{"start":{"line":56,"column":16},"end":{"line":56,"column":52}},"23":{"start":{"line":58,"column":12},"end":{"line":58,"column":64}},"24":{"start":{"line":64,"column":23},"end":{"line":64,"column":65}},"25":{"start":{"line":66,"column":8},"end":{"line":68,"column":9}},"26":{"start":{"line":67,"column":12},"end":{"line":67,"column":null}},"27":{"start":{"line":70,"column":50},"end":{"line":70,"column":61}},"28":{"start":{"line":72,"column":8},"end":{"line":78,"column":9}},"29":{"start":{"line":73,"column":31},"end":{"line":73,"column":73}},"30":{"start":{"line":74,"column":12},"end":{"line":74,"column":45}},"31":{"start":{"line":76,"column":12},"end":{"line":76,"column":31}},"32":{"start":{"line":77,"column":12},"end":{"line":77,"column":null}},"33":{"start":{"line":83,"column":19},"end":{"line":83,"column":42}},"34":{"start":{"line":85,"column":8},"end":{"line":86,"column":61}},"35":{"start":{"line":86,"column":12},"end":{"line":86,"column":61}},"36":{"start":{"line":88,"column":23},"end":{"line":88,"column":66}},"37":{"start":{"line":90,"column":8},"end":{"line":92,"column":9}},"38":{"start":{"line":91,"column":12},"end":{"line":91,"column":null}},"39":{"start":{"line":94,"column":52},"end":{"line":94,"column":63}},"40":{"start":{"line":96,"column":8},"end":{"line":106,"column":9}},"41":{"start":{"line":97,"column":35},"end":{"line":97,"column":81}},"42":{"start":{"line":98,"column":12},"end":{"line":98,"column":49}},"43":{"start":{"line":100,"column":12},"end":{"line":100,"column":31}},"44":{"start":{"line":102,"column":12},"end":{"line":103,"column":52}},"45":{"start":{"line":103,"column":16},"end":{"line":103,"column":52}},"46":{"start":{"line":105,"column":12},"end":{"line":105,"column":61}},"47":{"start":{"line":111,"column":19},"end":{"line":111,"column":42}},"48":{"start":{"line":113,"column":8},"end":{"line":114,"column":61}},"49":{"start":{"line":114,"column":12},"end":{"line":114,"column":61}},"50":{"start":{"line":116,"column":8},"end":{"line":122,"column":9}},"51":{"start":{"line":117,"column":12},"end":{"line":117,"column":46}},"52":{"start":{"line":118,"column":12},"end":{"line":118,"column":32}},"53":{"start":{"line":120,"column":12},"end":{"line":120,"column":31}},"54":{"start":{"line":121,"column":12},"end":{"line":121,"column":62}},"55":{"start":{"line":18,"column":0},"end":{"line":18,"column":13}}},"fnMap":{"0":{"name":"(anonymous_0)","decl":{"start":{"line":19,"column":4},"end":{"line":19,"column":33}},"loc":{"start":{"line":19,"column":56},"end":{"line":19,"column":60}}},"1":{"name":"(anonymous_1)","decl":{"start":{"line":22,"column":4},"end":{"line":22,"column":9}},"loc":{"start":{"line":22,"column":47},"end":{"line":40,"column":5}}},"2":{"name":"(anonymous_2)","decl":{"start":{"line":43,"column":4},"end":{"line":43,"column":9}},"loc":{"start":{"line":43,"column":51},"end":{"line":60,"column":5}}},"3":{"name":"(anonymous_3)","decl":{"start":{"line":63,"column":4},"end":{"line":63,"column":9}},"loc":{"start":{"line":63,"column":48},"end":{"line":79,"column":5}}},"4":{"name":"(anonymous_4)","decl":{"start":{"line":82,"column":4},"end":{"line":82,"column":9}},"loc":{"start":{"line":82,"column":49},"end":{"line":107,"column":5}}},"5":{"name":"(anonymous_5)","decl":{"start":{"line":110,"column":4},"end":{"line":110,"column":9}},"loc":{"start":{"line":110,"column":50},"end":{"line":123,"column":5}}}},"branchMap":{"0":{"loc":{"start":{"line":27,"column":8},"end":{"line":29,"column":9}},"type":"if","locations":[{"start":{"line":27,"column":8},"end":{"line":29,"column":9}},{"start":{},"end":{}}]},"1":{"loc":{"start":{"line":46,"column":8},"end":{"line":47,"column":null}},"type":"if","locations":[{"start":{"line":46,"column":8},"end":{"line":47,"column":null}},{"start":{},"end":{}}]},"2":{"loc":{"start":{"line":55,"column":12},"end":{"line":56,"column":52}},"type":"if","locations":[{"start":{"line":55,"column":12},"end":{"line":56,"column":52}},{"start":{},"end":{}}]},"3":{"loc":{"start":{"line":66,"column":8},"end":{"line":68,"column":9}},"type":"if","locations":[{"start":{"line":66,"column":8},"end":{"line":68,"column":9}},{"start":{},"end":{}}]},"4":{"loc":{"start":{"line":85,"column":8},"end":{"line":86,"column":61}},"type":"if","locations":[{"start":{"line":85,"column":8},"end":{"line":86,"column":61}},{"start":{},"end":{}}]},"5":{"loc":{"start":{"line":90,"column":8},"end":{"line":92,"column":9}},"type":"if","locations":[{"start":{"line":90,"column":8},"end":{"line":92,"column":9}},{"start":{},"end":{}}]},"6":{"loc":{"start":{"line":102,"column":12},"end":{"line":103,"column":52}},"type":"if","locations":[{"start":{"line":102,"column":12},"end":{"line":103,"column":52}},{"start":{},"end":{}}]},"7":{"loc":{"start":{"line":113,"column":8},"end":{"line":114,"column":61}},"type":"if","locations":[{"start":{"line":113,"column":8},"end":{"line":114,"column":61}},{"start":{},"end":{}}]}},"s":{"0":1,"1":1,"2":1,"3":1,"4":10,"5":2,"6":2,"7":0,"8":2,"9":2,"10":2,"11":1,"12":1,"13":1,"14":2,"15":2,"16":1,"17":1,"18":1,"19":1,"20":0,"21":0,"22":0,"23":0,"24":2,"25":2,"26":1,"27":1,"28":1,"29":1,"30":1,"31":0,"32":0,"33":2,"34":2,"35":1,"36":1,"37":1,"38":0,"39":1,"40":1,"41":1,"42":1,"43":0,"44":0,"45":0,"46":0,"47":2,"48":2,"49":1,"50":1,"51":1,"52":1,"53":0,"54":0,"55":1},"f":{"0":10,"1":2,"2":2,"3":2,"4":2,"5":2},"b":{"0":[0,2],"1":[1,1],"2":[0,0],"3":[1,1],"4":[1,1],"5":[0,1],"6":[0,0],"7":[1,1]}}
,"C:\\Users\\biakt\\WebstormProjects\\forge-s26-project\\backend\\src\\utils\\pagination.ts": {"path":"C:\\Users\\biakt\\WebstormProjects\\forge-s26-project\\backend\\src\\utils\\pagination.ts","statementMap":{"0":{"start":{"line":10,"column":0},"end":{"line":10,"column":16}},"1":{"start":{"line":14,"column":0},"end":{"line":14,"column":16}},"2":{"start":{"line":1,"column":0},"end":{"line":1,"column":24}},"3":{"start":{"line":3,"column":13},"end":{"line":6,"column":3}},"4":{"start":{"line":11,"column":4},"end":{"line":11,"column":34}},"5":{"start":{"line":15,"column":4},"end":{"line":15,"column":33}}},"fnMap":{"0":{"name":"newPagination","decl":{"start":{"line":10,"column":16},"end":{"line":10,"column":29}},"loc":{"start":{"line":10,"column":29},"end":{"line":12,"column":1}}},"1":{"name":"getOffset","decl":{"start":{"line":14,"column":16},"end":{"line":14,"column":25}},"loc":{"start":{"line":14,"column":42},"end":{"line":16,"column":1}}}},"branchMap":{},"s":{"0":3,"1":3,"2":3,"3":3,"4":0,"5":0},"f":{"0":0,"1":0},"b":{}}
}
