TN:
SF:src\errs\httpError.ts
FN:7,(anonymous_0)
FN:15,(anonymous_1)
FN:19,(anonymous_2)
FN:23,(anonymous_3)
FN:30,(anonymous_4)
FN:37,(anonymous_5)
FN:41,(anonymous_6)
FN:45,(anonymous_7)
FN:49,(anonymous_8)
FN:53,(anonymous_9)
FN:57,(anonymous_10)
FN:75,(anonymous_11)
FN:82,getErrorMessage
FN:92,mapDBError
FNF:14
FNH:8
FNDA:35,(anonymous_0)
FNDA:21,(anonymous_1)
FNDA:0,(anonymous_2)
FNDA:1,(anonymous_3)
FNDA:0,(anonymous_4)
FNDA:0,(anonymous_5)
FNDA:13,(anonymous_6)
FNDA:0,(anonymous_7)
FNDA:0,(anonymous_8)
FNDA:0,(anonymous_9)
FNDA:35,(anonymous_10)
FNDA:3,(anonymous_11)
FNDA:13,getErrorMessage
FNDA:13,mapDBError
DA:3,3
DA:8,35
DA:9,35
DA:10,35
DA:11,35
DA:15,3
DA:16,21
DA:19,3
DA:20,0
DA:23,3
DA:24,1
DA:25,1
DA:26,0
DA:27,0
DA:30,3
DA:31,0
DA:32,0
DA:33,0
DA:34,0
DA:37,3
DA:38,0
DA:41,3
DA:42,13
DA:45,3
DA:46,0
DA:49,3
DA:50,0
DA:53,3
DA:54,0
DA:57,3
DA:60,35
DA:61,35
DA:63,0
DA:64,0
DA:67,35
DA:74,3
DA:76,3
DA:77,3
DA:83,13
DA:84,0
DA:85,0
DA:86,0
DA:88,0
DA:92,3
DA:93,13
DA:95,13
DA:96,0
DA:97,13
DA:98,0
DA:99,13
DA:100,0
DA:101,13
DA:102,0
DA:104,13
LF:54
LH:33
BRDA:8,0,0,35
BRDA:8,0,1,0
BRDA:16,1,0,21
BRDA:16,1,1,0
BRDA:20,2,0,0
BRDA:20,2,1,0
BRDA:24,3,0,0
BRDA:24,3,1,1
BRDA:25,4,0,1
BRDA:25,4,1,0
BRDA:26,5,0,0
BRDA:26,5,1,0
BRDA:31,6,0,0
BRDA:31,6,1,0
BRDA:32,7,0,0
BRDA:32,7,1,0
BRDA:33,8,0,0
BRDA:33,8,1,0
BRDA:42,9,0,13
BRDA:42,9,1,0
BRDA:46,10,0,0
BRDA:46,10,1,0
BRDA:50,11,0,0
BRDA:50,11,1,0
BRDA:54,12,0,0
BRDA:54,12,1,0
BRDA:60,13,0,35
BRDA:60,13,1,0
BRDA:83,14,0,13
BRDA:83,14,1,0
BRDA:84,15,0,0
BRDA:84,15,1,0
BRDA:95,16,0,0
BRDA:95,16,1,13
BRDA:97,17,0,0
BRDA:97,17,1,13
BRDA:99,18,0,0
BRDA:99,18,1,13
BRDA:99,19,0,13
BRDA:99,19,1,13
BRDA:101,20,0,0
BRDA:101,20,1,13
BRF:42
BRH:13
end_of_record
TN:
SF:src\models\course.ts
FN:23,(anonymous_0)
FN:26,(anonymous_1)
FNF:2
FNH:2
FNDA:14,(anonymous_0)
FNDA:10,(anonymous_1)
DA:1,1
DA:22,1
DA:23,14
DA:26,10
DA:33,1
LF:5
LH:5
BRF:0
BRH:0
end_of_record
TN:
SF:src\models\professor.ts
FN:40,(anonymous_0)
FN:42,(anonymous_1)
FNF:2
FNH:2
FNDA:4,(anonymous_0)
FNDA:2,(anonymous_1)
DA:1,1
DA:38,1
DA:40,4
DA:42,2
DA:48,1
LF:5
LH:5
BRF:0
BRH:0
end_of_record
TN:
SF:src\models\student.ts
FNF:0
FNH:0
DA:1,1
DA:18,1
DA:64,1
DA:70,1
DA:80,1
DA:84,1
LF:6
LH:6
BRF:0
BRH:0
end_of_record
TN:
SF:src\service\handler\course\index.ts
FN:18,(anonymous_0)
FN:20,(anonymous_1)
FN:39,(anonymous_2)
FN:56,(anonymous_3)
FN:74,(anonymous_4)
FN:95,(anonymous_5)
FNF:6
FNH:6
FNDA:30,(anonymous_0)
FNDA:5,(anonymous_1)
FNDA:5,(anonymous_2)
FNDA:10,(anonymous_3)
FNDA:6,(anonymous_4)
FNDA:4,(anonymous_5)
DA:2,1
DA:7,1
DA:14,1
DA:15,1
DA:17,1
DA:18,30
DA:21,5
DA:22,5
DA:23,1
DA:25,4
DA:29,4
DA:30,4
DA:32,1
DA:33,1
DA:36,3
DA:41,5
DA:42,5
DA:44,4
DA:45,4
DA:47,2
DA:48,2
DA:50,1
DA:53,2
DA:57,10
DA:58,10
DA:59,7
DA:61,3
DA:64,3
DA:65,3
DA:67,1
DA:68,1
DA:71,2
DA:75,6
DA:76,6
DA:78,5
DA:79,5
DA:80,0
DA:82,5
DA:85,5
DA:86,5
DA:88,2
DA:89,2
DA:92,3
DA:96,4
DA:97,4
DA:99,3
DA:100,3
DA:102,2
DA:103,2
DA:106,1
LF:50
LH:49
BRDA:22,0,0,1
BRDA:22,0,1,4
BRDA:42,1,0,1
BRDA:42,1,1,4
BRDA:48,2,0,1
BRDA:48,2,1,1
BRDA:58,3,0,7
BRDA:58,3,1,3
BRDA:76,4,0,1
BRDA:76,4,1,5
BRDA:79,5,0,0
BRDA:79,5,1,5
BRDA:97,6,0,1
BRDA:97,6,1,3
BRF:14
BRH:13
end_of_record
TN:
SF:src\service\handler\professor\index.ts
FN:18,(anonymous_0)
FN:20,(anonymous_1)
FN:38,(anonymous_2)
FN:54,(anonymous_3)
FN:72,(anonymous_4)
FN:99,(anonymous_5)
FNF:6
FNH:6
FNDA:17,(anonymous_0)
FNDA:4,(anonymous_1)
FNDA:3,(anonymous_2)
FNDA:3,(anonymous_3)
FNDA:4,(anonymous_4)
FNDA:3,(anonymous_5)
DA:2,1
DA:7,1
DA:14,1
DA:15,1
DA:17,1
DA:18,17
DA:21,4
DA:22,4
DA:23,1
DA:25,3
DA:28,3
DA:29,3
DA:31,1
DA:32,1
DA:35,2
DA:40,3
DA:41,3
DA:43,2
DA:44,2
DA:46,1
DA:47,1
DA:48,1
DA:51,1
DA:55,3
DA:56,3
DA:57,1
DA:59,2
DA:62,2
DA:63,2
DA:65,1
DA:66,1
DA:69,1
DA:73,4
DA:74,4
DA:76,3
DA:77,3
DA:78,0
DA:81,3
DA:82,1
DA:85,2
DA:88,2
DA:89,2
DA:91,1
DA:92,1
DA:93,1
DA:96,1
DA:100,3
DA:101,3
DA:103,2
DA:104,2
DA:106,1
DA:107,1
DA:108,1
DA:111,1
LF:54
LH:53
BRDA:22,0,0,1
BRDA:22,0,1,3
BRDA:41,1,0,1
BRDA:41,1,1,2
BRDA:47,2,0,0
BRDA:47,2,1,1
BRDA:56,3,0,1
BRDA:56,3,1,2
BRDA:74,4,0,1
BRDA:74,4,1,3
BRDA:77,5,0,0
BRDA:77,5,1,3
BRDA:81,6,0,1
BRDA:81,6,1,2
BRDA:92,7,0,0
BRDA:92,7,1,1
BRDA:101,8,0,1
BRDA:101,8,1,2
BRDA:107,9,0,0
BRDA:107,9,1,1
BRF:20
BRH:16
end_of_record
TN:
SF:src\service\handler\student\index.ts
FN:19,(anonymous_0)
FN:22,(anonymous_1)
FN:43,(anonymous_2)
FN:63,(anonymous_3)
FN:82,(anonymous_4)
FN:110,(anonymous_5)
FNF:6
FNH:6
FNDA:10,(anonymous_0)
FNDA:2,(anonymous_1)
FNDA:2,(anonymous_2)
FNDA:2,(anonymous_3)
FNDA:2,(anonymous_4)
FNDA:2,(anonymous_5)
DA:2,1
DA:8,1
DA:15,1
DA:16,1
DA:18,1
DA:19,10
DA:25,2
DA:27,2
DA:28,0
DA:31,2
DA:33,2
DA:34,2
DA:35,1
DA:37,1
DA:38,1
DA:44,2
DA:46,2
DA:47,1
DA:49,1
DA:50,1
DA:51,1
DA:53,0
DA:55,0
DA:56,0
DA:58,0
DA:64,2
DA:66,2
DA:67,1
DA:70,1
DA:72,1
DA:73,1
DA:74,1
DA:76,0
DA:77,0
DA:83,2
DA:85,2
DA:86,1
DA:88,1
DA:90,1
DA:91,0
DA:94,1
DA:96,1
DA:97,1
DA:98,1
DA:100,0
DA:102,0
DA:103,0
DA:105,0
DA:111,2
DA:113,2
DA:114,1
DA:116,1
DA:117,1
DA:118,1
DA:120,0
DA:121,0
LF:56
LH:42
BRDA:27,0,0,0
BRDA:27,0,1,2
BRDA:46,1,0,1
BRDA:46,1,1,1
BRDA:55,2,0,0
BRDA:55,2,1,0
BRDA:66,3,0,1
BRDA:66,3,1,1
BRDA:85,4,0,1
BRDA:85,4,1,1
BRDA:90,5,0,0
BRDA:90,5,1,1
BRDA:102,6,0,0
BRDA:102,6,1,0
BRDA:113,7,0,1
BRDA:113,7,1,1
BRF:16
BRH:10
end_of_record
TN:
SF:src\utils\pagination.ts
FN:10,newPagination
FN:14,getOffset
FNF:2
FNH:0
FNDA:0,newPagination
FNDA:0,getOffset
DA:1,3
DA:3,3
DA:10,3
DA:11,0
DA:14,3
DA:15,0
LF:6
LH:4
BRF:0
BRH:0
end_of_record
