TN:
SF:src/errs/httpError.js
FN:7,(anonymous_0)
FN:15,(anonymous_1)
FN:19,(anonymous_2)
FN:23,(anonymous_3)
FN:33,(anonymous_4)
FN:43,(anonymous_5)
FN:47,(anonymous_6)
FN:51,(anonymous_7)
FN:55,(anonymous_8)
FN:59,(anonymous_9)
FN:63,(anonymous_10)
FN:79,(anonymous_11)
FNF:12
FNH:4
FNDA:5,(anonymous_0)
FNDA:4,(anonymous_1)
FNDA:0,(anonymous_2)
FNDA:0,(anonymous_3)
FNDA:0,(anonymous_4)
FNDA:0,(anonymous_5)
FNDA:1,(anonymous_6)
FNDA:0,(anonymous_7)
FNDA:0,(anonymous_8)
FNDA:0,(anonymous_9)
FNDA:5,(anonymous_10)
FNDA:0,(anonymous_11)
DA:2,1
DA:3,1
DA:8,5
DA:9,5
DA:10,5
DA:11,5
DA:14,1
DA:15,1
DA:16,4
DA:18,1
DA:19,1
DA:20,0
DA:22,1
DA:23,1
DA:24,0
DA:25,0
DA:26,0
DA:27,0
DA:28,0
DA:29,0
DA:30,0
DA:32,1
DA:33,1
DA:34,0
DA:35,0
DA:36,0
DA:37,0
DA:38,0
DA:39,0
DA:40,0
DA:42,1
DA:43,1
DA:44,0
DA:46,1
DA:47,1
DA:48,1
DA:50,1
DA:51,1
DA:52,0
DA:54,1
DA:55,1
DA:56,0
DA:58,1
DA:59,1
DA:60,0
DA:62,1
DA:63,1
DA:65,5
DA:66,5
DA:69,0
DA:70,0
DA:72,5
DA:77,1
DA:80,0
DA:81,0
DA:84,1
LF:56
LH:33
BRDA:8,0,0,5
BRDA:8,0,1,0
BRDA:16,1,0,4
BRDA:16,1,1,0
BRDA:20,2,0,0
BRDA:20,2,1,0
BRDA:24,3,0,0
BRDA:24,3,1,0
BRDA:26,4,0,0
BRDA:26,4,1,0
BRDA:28,5,0,0
BRDA:28,5,1,0
BRDA:34,6,0,0
BRDA:34,6,1,0
BRDA:36,7,0,0
BRDA:36,7,1,0
BRDA:38,8,0,0
BRDA:38,8,1,0
BRDA:48,9,0,1
BRDA:48,9,1,0
BRDA:52,10,0,0
BRDA:52,10,1,0
BRDA:56,11,0,0
BRDA:56,11,1,0
BRDA:60,12,0,0
BRDA:60,12,1,0
BRDA:65,13,0,5
BRDA:65,13,1,0
BRF:28
BRH:4
end_of_record
TN:
SF:src/models/sample.js
FN:7,(anonymous_0)
FNF:1
FNH:1
FNDA:2,(anonymous_0)
DA:2,1
DA:3,1
DA:4,1
DA:5,1
DA:7,2
DA:9,1
LF:6
LH:6
BRF:0
BRH:0
end_of_record
TN:
SF:src/service/handler/sample/index.js
FN:9,(anonymous_0)
FN:12,(anonymous_1)
FN:23,(anonymous_2)
FN:39,(anonymous_3)
FN:55,(anonymous_4)
FN:74,(anonymous_5)
FNF:6
FNH:6
FNDA:10,(anonymous_0)
FNDA:2,(anonymous_1)
FNDA:2,(anonymous_2)
FNDA:2,(anonymous_3)
FNDA:2,(anonymous_4)
FNDA:2,(anonymous_5)
DA:2,1
DA:3,1
DA:4,1
DA:5,1
DA:6,1
DA:10,10
DA:14,2
DA:15,2
DA:18,1
DA:19,1
DA:21,1
DA:25,2
DA:26,2
DA:27,1
DA:28,1
DA:29,1
DA:32,0
DA:33,0
DA:34,0
DA:35,0
DA:37,1
DA:40,2
DA:41,2
DA:42,1
DA:44,1
DA:46,1
DA:47,1
DA:50,0
DA:51,0
DA:53,1
DA:56,2
DA:57,2
DA:58,1
DA:59,1
DA:60,1
DA:61,0
DA:63,1
DA:65,1
DA:66,1
DA:69,0
DA:70,0
DA:72,1
DA:75,2
DA:76,2
DA:77,1
DA:78,1
DA:79,1
DA:82,0
DA:83,0
DA:85,1
DA:88,1
LF:51
LH:40
BRDA:26,0,0,1
BRDA:26,0,1,1
BRDA:33,1,0,0
BRDA:33,1,1,0
BRDA:41,2,0,1
BRDA:41,2,1,1
BRDA:57,3,0,1
BRDA:57,3,1,1
BRDA:60,4,0,0
BRDA:60,4,1,1
BRDA:76,5,0,1
BRDA:76,5,1,1
BRF:12
BRH:9
end_of_record
